==================================
Daily Activity: 2026-02-27 20:31:19 UTC
Workflow Run: #1
Repository: SraoneMP/ques3
Email: 21f3000245@ds.study.iitm.ac.in
==================================

==================================
Daily Activity: 2026-02-27 20:34:45 UTC
Workflow Run: #2
Repository: SraoneMP/ques3
Email: 21f3000245@ds.study.iitm.ac.in
==================================

==================================
Daily Activity: 2026-02-27 20:42:24 UTC
Workflow Run: #3
Repository: SraoneMP/ques3
Email: 21f3000245@ds.study.iitm.ac.in
==================================

==================================
Daily Activity: 2026-02-28 10:45:21 UTC
Workflow Run: #4
Repository: SraoneMP/ques3
Email: 21f3000245@ds.study.iitm.ac.in
==================================

==================================
Daily Activity: 2026-03-01 10:48:17 UTC
Workflow Run: #5
Repository: SraoneMP/ques3
Email: 21f3000245@ds.study.iitm.ac.in
==================================

==================================
Daily Activity: 2026-03-02 11:06:46 UTC
Workflow Run: #6
Repository: SraoneMP/ques3
Email: 21f3000245@ds.study.iitm.ac.in
==================================

==================================
Daily Activity: 2026-03-03 11:03:56 UTC
Workflow Run: #7
Repository: SraoneMP/ques3
Email: 21f3000245@ds.study.iitm.ac.in
==================================

==================================
Daily Activity: 2026-03-04 11:01:33 UTC
Workflow Run: #8
Repository: SraoneMP/ques3
Email: 21f3000245@ds.study.iitm.ac.in
==================================

==================================
Daily Activity: 2026-03-05 11:04:56 UTC
Workflow Run: #9
Repository: SraoneMP/ques3
Email: 21f3000245@ds.study.iitm.ac.in
==================================

==================================
Daily Activity: 2026-03-06 11:00:36 UTC
Workflow Run: #10
Repository: SraoneMP/ques3
Email: 21f3000245@ds.study.iitm.ac.in
==================================

==================================
Daily Activity: 2026-03-07 10:46:54 UTC
Workflow Run: #11
Repository: SraoneMP/ques3
Email: 21f3000245@ds.study.iitm.ac.in
==================================

